[2020/07/03 18:03:25.669] - Starting server (version 2.1.2) with initial configuration: {"gasLimit":6721975,"gasPrice":20000000000,"hardfork":"petersburg","hostname":"127.0.0.1","port":7545,"network_id":5777,"default_balance_ether":100,"total_accounts":20,"unlocked_accounts":[],"locked":false,"vmErrorsOnRPCResponse":true,"verbose":false,"db_path":"/home/hellbringer419/.config/Ganache/workspaces/Landcom/chaindata","logDirectory":"/home/hellbringer419/Desktop/Programs/BlockChainProgs/landcom_next_app/ganache_logs"}
[2020/07/03 18:03:28.220] - eth_getCode
[2020/07/03 18:03:28.222] - eth_subscribe
[2020/07/03 18:03:28.223] - eth_getLogs
[2020/07/03 18:03:28.227] - eth_subscribe
[2020/07/03 18:03:29.019] - eth_blockNumber
[2020/07/03 18:03:29.020] - eth_accounts
[2020/07/03 18:03:29.020] - eth_gasPrice
[2020/07/03 18:03:29.021] - eth_getBlockByNumber
[2020/07/03 18:03:29.021] - eth_subscribe
[2020/07/03 18:03:29.672] - eth_accounts
[2020/07/03 18:03:29.832] - eth_getBalance
[2020/07/03 18:03:29.846] - eth_getTransactionCount
[2020/07/03 18:03:29.870] - eth_getBalance
[2020/07/03 18:03:29.890] - eth_getTransactionCount
[2020/07/03 18:03:29.904] - eth_getBalance
[2020/07/03 18:03:29.927] - eth_getTransactionCount
[2020/07/03 18:03:29.941] - eth_getBalance
[2020/07/03 18:03:29.956] - eth_getTransactionCount
[2020/07/03 18:03:29.976] - eth_getBalance
[2020/07/03 18:03:29.991] - eth_getTransactionCount
[2020/07/03 18:03:30.005] - eth_getBalance
[2020/07/03 18:03:30.024] - eth_getTransactionCount
[2020/07/03 18:03:30.040] - eth_getBalance
[2020/07/03 18:03:30.064] - eth_getTransactionCount
[2020/07/03 18:03:30.077] - eth_getBalance
[2020/07/03 18:03:30.090] - eth_getTransactionCount
[2020/07/03 18:03:30.110] - eth_getBalance
[2020/07/03 18:03:30.123] - eth_getTransactionCount
[2020/07/03 18:03:30.144] - eth_getBalance
[2020/07/03 18:03:30.157] - eth_getTransactionCount
[2020/07/03 18:03:30.170] - eth_getBalance
[2020/07/03 18:03:30.191] - eth_getTransactionCount
[2020/07/03 18:03:30.204] - eth_getBalance
[2020/07/03 18:03:30.222] - eth_getTransactionCount
[2020/07/03 18:03:30.243] - eth_getBalance
[2020/07/03 18:03:30.256] - eth_getTransactionCount
[2020/07/03 18:03:30.276] - eth_getBalance
[2020/07/03 18:03:30.288] - eth_getTransactionCount
[2020/07/03 18:03:30.302] - eth_getBalance
[2020/07/03 18:03:30.323] - eth_getTransactionCount
[2020/07/03 18:03:30.338] - eth_getBalance
[2020/07/03 18:03:30.362] - eth_getTransactionCount
[2020/07/03 18:03:30.375] - eth_getBalance
[2020/07/03 18:03:30.389] - eth_getTransactionCount
[2020/07/03 18:03:30.411] - eth_getBalance
[2020/07/03 18:03:30.423] - eth_getTransactionCount
[2020/07/03 18:03:30.436] - eth_getBalance
[2020/07/03 18:03:30.459] - eth_getTransactionCount
[2020/07/03 18:03:30.473] - eth_getBalance
[2020/07/03 18:03:30.495] - eth_getTransactionCount
[2020/07/03 18:03:30.805] - eth_getBalance
[2020/07/03 18:03:30.818] - eth_getTransactionCount
[2020/07/03 18:03:30.838] - eth_getBalance
[2020/07/03 18:03:30.851] - eth_getTransactionCount
[2020/07/03 18:03:30.874] - eth_getBalance
[2020/07/03 18:03:30.887] - eth_getTransactionCount
[2020/07/03 18:03:30.902] - eth_getBalance
[2020/07/03 18:03:30.922] - eth_getTransactionCount
[2020/07/03 18:03:30.934] - eth_getBalance
[2020/07/03 18:03:30.957] - eth_getTransactionCount
[2020/07/03 18:03:30.978] - eth_getBalance
[2020/07/03 18:03:30.994] - eth_getTransactionCount
[2020/07/03 18:03:31.013] - eth_getBalance
[2020/07/03 18:03:31.025] - eth_getTransactionCount
[2020/07/03 18:03:31.038] - eth_getBalance
[2020/07/03 18:03:31.058] - eth_getTransactionCount
[2020/07/03 18:03:31.071] - eth_getBalance
[2020/07/03 18:03:31.091] - eth_getTransactionCount
[2020/07/03 18:03:31.104] - eth_getBalance
[2020/07/03 18:03:31.117] - eth_getTransactionCount
[2020/07/03 18:03:31.136] - eth_getBalance
[2020/07/03 18:03:31.149] - eth_getTransactionCount
[2020/07/03 18:03:31.168] - eth_getBalance
[2020/07/03 18:03:31.180] - eth_getTransactionCount
[2020/07/03 18:03:31.192] - eth_getBalance
[2020/07/03 18:03:31.212] - eth_getTransactionCount
[2020/07/03 18:03:31.225] - eth_getBalance
[2020/07/03 18:03:31.237] - eth_getTransactionCount
[2020/07/03 18:03:31.258] - eth_getBalance
[2020/07/03 18:03:31.272] - eth_getTransactionCount
[2020/07/03 18:03:31.292] - eth_getBalance
[2020/07/03 18:03:31.305] - eth_getTransactionCount
[2020/07/03 18:03:31.318] - eth_getBalance
[2020/07/03 18:03:31.339] - eth_getTransactionCount
[2020/07/03 18:03:31.351] - eth_getBalance
[2020/07/03 18:03:31.372] - eth_getTransactionCount
[2020/07/03 18:03:31.385] - eth_getBalance
[2020/07/03 18:03:31.398] - eth_getTransactionCount
[2020/07/03 18:03:31.419] - eth_getBalance
[2020/07/03 18:03:31.432] - eth_getTransactionCount
[2020/07/03 18:06:04.210] - net_version
[2020/07/03 18:06:07.624] - eth_accounts
[2020/07/03 18:06:08.235] - eth_accounts
[2020/07/03 18:06:15.697] - eth_getBlockByNumber
[2020/07/03 18:06:15.796] - eth_accounts
[2020/07/03 18:06:15.864] - eth_getBlockByNumber
[2020/07/03 18:06:15.875] - eth_getBlockByNumber
[2020/07/03 18:06:15.885] - eth_getBlockByNumber
[2020/07/03 18:06:15.908] - eth_estimateGas
[2020/07/03 18:06:17.019] - eth_getBlockByNumber
[2020/07/03 18:06:17.020] - eth_blockNumber
[2020/07/03 18:06:17.041] - eth_sendTransaction
[2020/07/03 18:06:17.318] - 
[2020/07/03 18:06:17.318] -   Transaction: 0x922159010cd4651d1e8b08fd4a315e7f5ea68a0fd5986c5009a5a137a1dbfd85
[2020/07/03 18:06:17.319] -   Contract created: 0x565c534b2e222a7c591ef44958962d1e3ad97926
[2020/07/03 18:06:17.319] -   Gas usage: 284908
[2020/07/03 18:06:17.319] -   Block Number: 15
[2020/07/03 18:06:17.320] -   Block Time: Fri Jul 03 2020 18:06:17 GMT+0530 (IST)
[2020/07/03 18:06:17.320] - 
[2020/07/03 18:06:17.324] - eth_getTransactionReceipt
[2020/07/03 18:06:17.352] - eth_getBlockByNumber
[2020/07/03 18:06:17.363] - eth_getCode
[2020/07/03 18:06:17.380] - eth_getBlockByNumber
[2020/07/03 18:06:17.392] - eth_getBlockByNumber
[2020/07/03 18:06:17.410] - eth_sendTransaction
[2020/07/03 18:06:17.456] - eth_getBalance
[2020/07/03 18:06:17.502] - eth_getTransactionCount
[2020/07/03 18:06:17.527] - 
[2020/07/03 18:06:17.527] -   Transaction: 0x91d8f531d8b34da9e8387380419858d2a3604109a2237b5e8085ce731c93cf0c
[2020/07/03 18:06:17.527] -   Gas usage: 42034
[2020/07/03 18:06:17.528] -   Block Number: 16
[2020/07/03 18:06:17.528] -   Block Time: Fri Jul 03 2020 18:06:17 GMT+0530 (IST)
[2020/07/03 18:06:17.528] - 
[2020/07/03 18:06:17.537] - eth_getTransactionReceipt
[2020/07/03 18:06:17.552] - eth_getBalance
[2020/07/03 18:06:17.558] - eth_getBlockByNumber
[2020/07/03 18:06:17.580] - eth_getTransactionCount
[2020/07/03 18:06:17.594] - eth_getBalance
[2020/07/03 18:06:17.615] - eth_getTransactionCount
[2020/07/03 18:06:17.636] - eth_getBalance
[2020/07/03 18:06:17.649] - eth_getTransactionCount
[2020/07/03 18:06:17.674] - evm_snapshot
[2020/07/03 18:06:17.675] - Saved snapshot #1
[2020/07/03 18:06:17.680] - eth_getBalance
[2020/07/03 18:06:17.693] - eth_getBlockByNumber
[2020/07/03 18:06:17.697] - eth_getTransactionCount
[2020/07/03 18:06:17.700] - eth_blockNumber
[2020/07/03 18:06:17.716] - eth_getBalance
[2020/07/03 18:06:17.746] - eth_getTransactionCount
[2020/07/03 18:06:17.759] - eth_getBalance
[2020/07/03 18:06:17.771] - eth_getTransactionCount
[2020/07/03 18:06:17.792] - eth_getBalance
[2020/07/03 18:06:17.804] - eth_getTransactionCount
[2020/07/03 18:06:17.825] - eth_getBalance
[2020/07/03 18:06:17.838] - eth_getTransactionCount
[2020/07/03 18:06:17.851] - eth_getBalance
[2020/07/03 18:06:17.872] - eth_getTransactionCount
[2020/07/03 18:06:17.884] - eth_getBalance
[2020/07/03 18:06:17.907] - eth_getTransactionCount
[2020/07/03 18:06:17.920] - eth_getBalance
[2020/07/03 18:06:17.932] - eth_getTransactionCount
[2020/07/03 18:06:17.953] - eth_getBalance
[2020/07/03 18:06:17.968] - eth_getTransactionCount
[2020/07/03 18:06:17.983] - eth_getBalance
[2020/07/03 18:06:18.013] - eth_getTransactionCount
[2020/07/03 18:06:18.037] - eth_getBalance
[2020/07/03 18:06:18.074] - eth_getTransactionCount
[2020/07/03 18:06:18.109] - eth_getBalance
[2020/07/03 18:06:18.122] - eth_getTransactionCount
[2020/07/03 18:06:18.134] - eth_getBalance
[2020/07/03 18:06:18.152] - eth_getTransactionCount
[2020/07/03 18:06:18.164] - eth_getBalance
[2020/07/03 18:06:18.184] - eth_getTransactionCount
[2020/07/03 18:06:18.196] - eth_getBalance
[2020/07/03 18:06:18.211] - eth_getTransactionCount
[2020/07/03 18:06:18.230] - eth_getBalance
[2020/07/03 18:06:18.243] - eth_getTransactionCount
[2020/07/03 18:06:20.179] - eth_getBalance
[2020/07/03 18:06:20.199] - eth_getTransactionCount
[2020/07/03 18:06:20.211] - eth_getBalance
[2020/07/03 18:06:20.223] - eth_getTransactionCount
[2020/07/03 18:06:20.246] - eth_getBalance
[2020/07/03 18:06:20.259] - eth_getTransactionCount
[2020/07/03 18:06:20.273] - eth_getBalance
[2020/07/03 18:06:20.293] - eth_getTransactionCount
[2020/07/03 18:06:20.306] - eth_getBalance
[2020/07/03 18:06:20.327] - eth_getTransactionCount
[2020/07/03 18:06:20.338] - eth_getBalance
[2020/07/03 18:06:20.350] - eth_getTransactionCount
[2020/07/03 18:06:20.370] - eth_getBalance
[2020/07/03 18:06:20.382] - eth_getTransactionCount
[2020/07/03 18:06:20.405] - eth_getBalance
[2020/07/03 18:06:20.418] - eth_getTransactionCount
[2020/07/03 18:06:20.458] - eth_getBalance
[2020/07/03 18:06:20.458] - eth_getTransactionCount
[2020/07/03 18:06:20.466] - eth_getBalance
[2020/07/03 18:06:20.478] - eth_getTransactionCount
[2020/07/03 18:06:20.497] - eth_getBalance
[2020/07/03 18:06:20.510] - eth_getTransactionCount
[2020/07/03 18:06:20.530] - eth_getBalance
[2020/07/03 18:06:20.542] - eth_getTransactionCount
[2020/07/03 18:06:20.555] - eth_getBalance
[2020/07/03 18:06:20.576] - eth_getTransactionCount
[2020/07/03 18:06:20.589] - eth_getBalance
[2020/07/03 18:06:20.616] - eth_getTransactionCount
[2020/07/03 18:06:20.628] - eth_getBalance
[2020/07/03 18:06:20.640] - eth_getTransactionCount
[2020/07/03 18:06:20.662] - eth_getBalance
[2020/07/03 18:06:20.675] - eth_getTransactionCount
[2020/07/03 18:06:20.690] - eth_getBalance
[2020/07/03 18:06:20.722] - eth_getTransactionCount
[2020/07/03 18:06:20.748] - eth_getBalance
[2020/07/03 18:06:20.789] - eth_getTransactionCount
[2020/07/03 18:06:20.810] - eth_getBalance
[2020/07/03 18:06:20.823] - eth_getTransactionCount
[2020/07/03 18:06:20.842] - eth_getBalance
[2020/07/03 18:06:20.854] - eth_getTransactionCount
[2020/07/03 18:13:02.809] - net_version
[2020/07/03 18:13:02.866] - eth_accounts
[2020/07/03 18:13:03.832] - eth_accounts
[2020/07/03 18:13:04.020] - eth_getBlockByNumber
[2020/07/03 18:13:04.286] - eth_accounts
[2020/07/03 18:13:04.420] - eth_getBlockByNumber
[2020/07/03 18:13:04.434] - eth_getBlockByNumber
[2020/07/03 18:13:04.450] - eth_getBlockByNumber
[2020/07/03 18:13:04.480] - eth_estimateGas
[2020/07/03 18:13:05.066] - eth_getBlockByNumber
[2020/07/03 18:13:05.068] - eth_blockNumber
[2020/07/03 18:13:05.087] - eth_sendTransaction
[2020/07/03 18:13:05.841] - 
[2020/07/03 18:13:05.842] -   Transaction: 0x3a70d0052ddaa243520137f74792346b9df64b4c5096e51e798e74d08d227017
[2020/07/03 18:13:05.842] -   Contract created: 0xf48b982fe7dd3f98748e1081e91a823d40b08323
[2020/07/03 18:13:05.842] -   Gas usage: 284908
[2020/07/03 18:13:05.842] -   Block Number: 17
[2020/07/03 18:13:05.843] -   Block Time: Fri Jul 03 2020 18:13:05 GMT+0530 (IST)
[2020/07/03 18:13:05.843] - 
[2020/07/03 18:13:05.846] - eth_getTransactionReceipt
[2020/07/03 18:13:05.873] - eth_getBlockByNumber
[2020/07/03 18:13:05.882] - eth_getCode
[2020/07/03 18:13:05.926] - eth_getBlockByNumber
[2020/07/03 18:13:05.940] - eth_getBlockByNumber
[2020/07/03 18:13:05.956] - eth_sendTransaction
[2020/07/03 18:13:06.046] - 
[2020/07/03 18:13:06.046] -   Transaction: 0xf8049b45d1b0076738ca2dbdf1dbbb93c0208a9786bdbc1b441435c622eb741f
[2020/07/03 18:13:06.047] -   Gas usage: 42034
[2020/07/03 18:13:06.047] -   Block Number: 18
[2020/07/03 18:13:06.047] -   Block Time: Fri Jul 03 2020 18:13:05 GMT+0530 (IST)
[2020/07/03 18:13:06.048] - 
[2020/07/03 18:13:06.050] - eth_getBlockByNumber
[2020/07/03 18:13:06.052] - eth_getTransactionReceipt
[2020/07/03 18:13:06.133] - eth_getBalance
[2020/07/03 18:13:06.195] - eth_getTransactionCount
[2020/07/03 18:13:06.203] - evm_snapshot
[2020/07/03 18:13:06.208] - Saved snapshot #2
[2020/07/03 18:13:06.254] - eth_getBalance
[2020/07/03 18:13:06.261] - eth_getBlockByNumber
[2020/07/03 18:13:06.270] - eth_blockNumber
[2020/07/03 18:13:06.292] - eth_getTransactionCount
[2020/07/03 18:13:06.309] - eth_getBalance
[2020/07/03 18:13:06.331] - eth_getTransactionCount
[2020/07/03 18:13:06.355] - eth_getBalance
[2020/07/03 18:13:06.368] - eth_getTransactionCount
[2020/07/03 18:13:06.390] - eth_getBalance
[2020/07/03 18:13:06.402] - eth_getTransactionCount
[2020/07/03 18:13:06.415] - eth_getBalance
[2020/07/03 18:13:06.436] - eth_getTransactionCount
[2020/07/03 18:13:06.449] - eth_getBalance
[2020/07/03 18:13:06.462] - eth_getTransactionCount
[2020/07/03 18:13:06.483] - eth_getBalance
[2020/07/03 18:13:06.497] - eth_getTransactionCount
[2020/07/03 18:13:06.524] - eth_getBalance
[2020/07/03 18:13:06.545] - eth_getTransactionCount
[2020/07/03 18:13:06.569] - eth_getBalance
[2020/07/03 18:13:06.607] - eth_getTransactionCount
[2020/07/03 18:13:06.639] - eth_getBalance
[2020/07/03 18:13:06.651] - eth_getTransactionCount
[2020/07/03 18:13:06.665] - eth_getBalance
[2020/07/03 18:13:06.684] - eth_getTransactionCount
[2020/07/03 18:13:06.697] - eth_getBalance
[2020/07/03 18:13:06.717] - eth_getTransactionCount
[2020/07/03 18:13:06.730] - eth_getBalance
[2020/07/03 18:13:06.744] - eth_getTransactionCount
[2020/07/03 18:13:06.765] - eth_getBalance
[2020/07/03 18:13:06.778] - eth_getTransactionCount
[2020/07/03 18:13:06.798] - eth_getBalance
[2020/07/03 18:13:06.810] - eth_getTransactionCount
[2020/07/03 18:13:06.824] - eth_getBalance
[2020/07/03 18:13:06.845] - eth_getTransactionCount
[2020/07/03 18:13:06.857] - eth_getBalance
[2020/07/03 18:13:06.869] - eth_getTransactionCount
[2020/07/03 18:13:06.889] - eth_getBalance
[2020/07/03 18:13:06.901] - eth_getTransactionCount
[2020/07/03 18:13:06.922] - eth_getBalance
[2020/07/03 18:13:06.934] - eth_getTransactionCount
[2020/07/03 18:13:09.722] - eth_getBalance
[2020/07/03 18:13:09.735] - eth_getTransactionCount
[2020/07/03 18:13:09.755] - eth_getBalance
[2020/07/03 18:13:09.768] - eth_getTransactionCount
[2020/07/03 18:13:09.794] - eth_getBalance
[2020/07/03 18:13:09.809] - eth_getTransactionCount
[2020/07/03 18:13:09.871] - eth_getBalance
[2020/07/03 18:13:09.872] - eth_getTransactionCount
[2020/07/03 18:13:09.875] - eth_getBalance
[2020/07/03 18:13:09.888] - eth_getTransactionCount
[2020/07/03 18:13:09.908] - eth_getBalance
[2020/07/03 18:13:09.920] - eth_getTransactionCount
[2020/07/03 18:13:09.942] - eth_getBalance
[2020/07/03 18:13:09.955] - eth_getTransactionCount
[2020/07/03 18:13:09.967] - eth_getBalance
[2020/07/03 18:13:09.989] - eth_getTransactionCount
[2020/07/03 18:13:10.001] - eth_getBalance
[2020/07/03 18:13:10.024] - eth_getTransactionCount
[2020/07/03 18:13:10.041] - eth_getBalance
[2020/07/03 18:13:10.056] - eth_getTransactionCount
[2020/07/03 18:13:10.088] - eth_getBalance
[2020/07/03 18:13:10.115] - eth_getTransactionCount
[2020/07/03 18:13:10.149] - eth_getBalance
[2020/07/03 18:13:10.184] - eth_getTransactionCount
[2020/07/03 18:13:10.196] - eth_getBalance
[2020/07/03 18:13:10.212] - eth_getTransactionCount
[2020/07/03 18:13:10.231] - eth_getBalance
[2020/07/03 18:13:10.244] - eth_getTransactionCount
[2020/07/03 18:13:10.265] - eth_getBalance
[2020/07/03 18:13:10.278] - eth_getTransactionCount
[2020/07/03 18:13:10.291] - eth_getBalance
[2020/07/03 18:13:10.311] - eth_getTransactionCount
[2020/07/03 18:13:10.323] - eth_getBalance
[2020/07/03 18:13:10.344] - eth_getTransactionCount
[2020/07/03 18:13:10.355] - eth_getBalance
[2020/07/03 18:13:10.368] - eth_getTransactionCount
[2020/07/03 18:13:10.389] - eth_getBalance
[2020/07/03 18:13:10.401] - eth_getTransactionCount
[2020/07/03 18:13:10.421] - eth_getBalance
[2020/07/03 18:13:10.433] - eth_getTransactionCount
[2020/07/03 18:17:38.375] - eth_unsubscribe
[2020/07/03 18:17:38.387] - eth_unsubscribe
[2020/07/03 18:17:42.940] - Warning: stopMining called when miner was already stopped
