[2020/01/04 20:39:14.318] - Starting server (version 2.1.2) with initial configuration: {"gasLimit":6721975,"gasPrice":20000000000,"hardfork":"petersburg","hostname":"127.0.0.1","port":7545,"network_id":5777,"default_balance_ether":100,"total_accounts":20,"unlocked_accounts":[],"locked":false,"vmErrorsOnRPCResponse":true,"verbose":false,"db_path":"/home/hellbringer419/.config/Ganache/workspaces/Landcom/chaindata","logDirectory":"/home/hellbringer419/Desktop/Programs/BlockChainProgs/landcom_next_app/ganache_logs"}
[2020/01/04 20:39:14.833] - eth_subscribe
[2020/01/04 20:39:14.836] - eth_getLogs
[2020/01/04 20:39:14.836] - eth_subscribe
[2020/01/04 20:39:15.427] - eth_blockNumber
[2020/01/04 20:39:15.428] - eth_accounts
[2020/01/04 20:39:15.429] - eth_gasPrice
[2020/01/04 20:39:15.431] - eth_getBlockByNumber
[2020/01/04 20:39:15.432] - eth_subscribe
[2020/01/04 20:39:15.507] - eth_accounts
[2020/01/04 20:39:15.616] - eth_getBalance
[2020/01/04 20:39:15.633] - eth_getTransactionCount
[2020/01/04 20:39:15.646] - eth_getBalance
[2020/01/04 20:39:15.658] - eth_getTransactionCount
[2020/01/04 20:39:15.675] - eth_getBalance
[2020/01/04 20:39:15.691] - eth_getTransactionCount
[2020/01/04 20:39:15.707] - eth_getBalance
[2020/01/04 20:39:15.717] - eth_getTransactionCount
[2020/01/04 20:39:15.730] - eth_getBalance
[2020/01/04 20:39:15.745] - eth_getTransactionCount
[2020/01/04 20:39:15.755] - eth_getBalance
[2020/01/04 20:39:15.766] - eth_getTransactionCount
[2020/01/04 20:39:15.778] - eth_getBalance
[2020/01/04 20:39:15.790] - eth_getTransactionCount
[2020/01/04 20:39:15.805] - eth_getBalance
[2020/01/04 20:39:15.817] - eth_getTransactionCount
[2020/01/04 20:39:15.832] - eth_getBalance
[2020/01/04 20:39:15.847] - eth_getTransactionCount
[2020/01/04 20:39:15.858] - eth_getBalance
[2020/01/04 20:39:15.872] - eth_getTransactionCount
[2020/01/04 20:39:15.889] - eth_getBalance
[2020/01/04 20:39:15.902] - eth_getTransactionCount
[2020/01/04 20:39:15.917] - eth_getBalance
[2020/01/04 20:39:15.932] - eth_getTransactionCount
[2020/01/04 20:39:15.943] - eth_getBalance
[2020/01/04 20:39:15.958] - eth_getTransactionCount
[2020/01/04 20:39:15.969] - eth_getBalance
[2020/01/04 20:39:15.984] - eth_getTransactionCount
[2020/01/04 20:39:15.995] - eth_getBalance
[2020/01/04 20:39:16.006] - eth_getTransactionCount
[2020/01/04 20:39:16.021] - eth_getBalance
[2020/01/04 20:39:16.032] - eth_getTransactionCount
[2020/01/04 20:39:16.042] - eth_getBalance
[2020/01/04 20:39:16.055] - eth_getTransactionCount
[2020/01/04 20:39:16.066] - eth_getBalance
[2020/01/04 20:39:16.081] - eth_getTransactionCount
[2020/01/04 20:39:16.090] - eth_getBalance
[2020/01/04 20:39:16.101] - eth_getTransactionCount
[2020/01/04 20:39:16.115] - eth_getBalance
[2020/01/04 20:39:16.125] - eth_getTransactionCount
[2020/01/04 20:39:16.269] - eth_getBalance
[2020/01/04 20:39:16.283] - eth_getTransactionCount
[2020/01/04 20:39:16.294] - eth_getBalance
[2020/01/04 20:39:16.311] - eth_getTransactionCount
[2020/01/04 20:39:16.321] - eth_getBalance
[2020/01/04 20:39:16.333] - eth_getTransactionCount
[2020/01/04 20:39:16.347] - eth_getBalance
[2020/01/04 20:39:16.357] - eth_getTransactionCount
[2020/01/04 20:39:16.367] - eth_getBalance
[2020/01/04 20:39:16.381] - eth_getTransactionCount
[2020/01/04 20:39:16.391] - eth_getBalance
[2020/01/04 20:39:16.406] - eth_getTransactionCount
[2020/01/04 20:39:16.419] - eth_getBalance
[2020/01/04 20:39:16.433] - eth_getTransactionCount
[2020/01/04 20:39:16.449] - eth_getBalance
[2020/01/04 20:39:16.459] - eth_getTransactionCount
[2020/01/04 20:39:16.470] - eth_getBalance
[2020/01/04 20:39:16.484] - eth_getTransactionCount
[2020/01/04 20:39:16.494] - eth_getBalance
[2020/01/04 20:39:16.508] - eth_getTransactionCount
[2020/01/04 20:39:16.518] - eth_getBalance
[2020/01/04 20:39:16.529] - eth_getTransactionCount
[2020/01/04 20:39:16.543] - eth_getBalance
[2020/01/04 20:39:16.554] - eth_getTransactionCount
[2020/01/04 20:39:16.568] - eth_getBalance
[2020/01/04 20:39:16.578] - eth_getTransactionCount
[2020/01/04 20:39:16.588] - eth_getBalance
[2020/01/04 20:39:16.603] - eth_getTransactionCount
[2020/01/04 20:39:16.613] - eth_getBalance
[2020/01/04 20:39:16.624] - eth_getTransactionCount
[2020/01/04 20:39:16.636] - eth_getBalance
[2020/01/04 20:39:16.646] - eth_getTransactionCount
[2020/01/04 20:39:16.662] - eth_getBalance
[2020/01/04 20:39:16.674] - eth_getTransactionCount
[2020/01/04 20:39:16.685] - eth_getBalance
[2020/01/04 20:39:16.699] - eth_getTransactionCount
[2020/01/04 20:39:16.710] - eth_getBalance
[2020/01/04 20:39:16.721] - eth_getTransactionCount
[2020/01/04 20:39:16.733] - eth_getBalance
[2020/01/04 20:39:16.744] - eth_getTransactionCount
[2020/01/04 20:39:38.730] - net_version
[2020/01/04 20:39:38.744] - eth_accounts
[2020/01/04 20:39:38.790] - eth_getBlockByNumber
[2020/01/04 20:39:38.801] - eth_accounts
[2020/01/04 20:39:38.833] - eth_getBlockByNumber
[2020/01/04 20:39:38.842] - net_version
[2020/01/04 20:39:38.848] - eth_getBlockByNumber
[2020/01/04 20:39:38.858] - eth_getBlockByNumber
[2020/01/04 20:39:38.866] - net_version
[2020/01/04 20:39:38.889] - eth_estimateGas
[2020/01/04 20:39:39.271] - eth_getBlockByNumber
[2020/01/04 20:39:39.273] - eth_blockNumber
[2020/01/04 20:39:39.292] - net_version
[2020/01/04 20:39:39.314] - eth_sendTransaction
[2020/01/04 20:39:39.398] - 
[2020/01/04 20:39:39.398] -   Transaction: 0x0c8ac24cadbcf697e070d09a1d0f77c38ba61e90cfadeff70c532c5654f30e9d
[2020/01/04 20:39:39.398] -   Contract created: 0x44330597b316fcbac5350b6fa02ae18f66ca88c3
[2020/01/04 20:39:39.398] -   Gas usage: 284908
[2020/01/04 20:39:39.398] -   Block Number: 11
[2020/01/04 20:39:39.398] -   Block Time: Sat Jan 04 2020 20:39:39 GMT+0530 (IST)
[2020/01/04 20:39:39.398] - 
[2020/01/04 20:39:39.400] - eth_getTransactionReceipt
[2020/01/04 20:39:39.408] - eth_getBlockByNumber
[2020/01/04 20:39:39.409] - eth_getCode
[2020/01/04 20:39:39.429] - eth_getTransactionByHash
[2020/01/04 20:39:39.437] - eth_getBalance
[2020/01/04 20:39:39.447] - eth_getBlockByNumber
[2020/01/04 20:39:39.453] - eth_getBlockByNumber
[2020/01/04 20:39:39.461] - eth_sendTransaction
[2020/01/04 20:39:39.490] - eth_getBalance
[2020/01/04 20:39:39.527] - 
[2020/01/04 20:39:39.527] -   Transaction: 0x3ef62be2afd9c04f782615da0ef05799cc9faa959a9891b06082c5f7c27bb3d7
[2020/01/04 20:39:39.527] -   Gas usage: 42034
[2020/01/04 20:39:39.527] -   Block Number: 12
[2020/01/04 20:39:39.527] -   Block Time: Sat Jan 04 2020 20:39:39 GMT+0530 (IST)
[2020/01/04 20:39:39.527] - 
[2020/01/04 20:39:39.529] - eth_getTransactionCount
[2020/01/04 20:39:39.530] - eth_getBlockByNumber
[2020/01/04 20:39:39.531] - eth_getTransactionReceipt
[2020/01/04 20:39:39.567] - eth_getBalance
[2020/01/04 20:39:39.626] - eth_getTransactionCount
[2020/01/04 20:39:39.645] - eth_getBalance
[2020/01/04 20:39:39.663] - eth_getTransactionCount
[2020/01/04 20:39:39.686] - eth_getBalance
[2020/01/04 20:39:39.703] - eth_getTransactionCount
[2020/01/04 20:39:39.720] - eth_getBalance
[2020/01/04 20:39:39.730] - eth_getTransactionCount
[2020/01/04 20:39:39.741] - eth_getBalance
[2020/01/04 20:39:39.755] - eth_getTransactionCount
[2020/01/04 20:39:39.765] - eth_getBalance
[2020/01/04 20:39:39.780] - eth_getTransactionCount
[2020/01/04 20:39:39.789] - eth_getBalance
[2020/01/04 20:39:39.800] - eth_getTransactionCount
[2020/01/04 20:39:39.814] - eth_getBalance
[2020/01/04 20:39:39.824] - eth_getTransactionCount
[2020/01/04 20:39:39.837] - eth_getBalance
[2020/01/04 20:39:39.850] - eth_getTransactionCount
[2020/01/04 20:39:39.860] - eth_getBalance
[2020/01/04 20:39:39.875] - eth_getTransactionCount
[2020/01/04 20:39:39.885] - eth_getBalance
[2020/01/04 20:39:39.896] - eth_getTransactionCount
[2020/01/04 20:39:39.910] - eth_getBalance
[2020/01/04 20:39:39.920] - eth_getTransactionCount
[2020/01/04 20:39:39.930] - eth_getBalance
[2020/01/04 20:39:39.944] - eth_getTransactionCount
[2020/01/04 20:39:39.955] - eth_getBalance
[2020/01/04 20:39:39.969] - eth_getTransactionCount
[2020/01/04 20:39:39.979] - eth_getBalance
[2020/01/04 20:39:39.989] - eth_getTransactionCount
[2020/01/04 20:39:40.002] - eth_getBalance
[2020/01/04 20:39:40.014] - eth_getTransactionCount
[2020/01/04 20:39:40.030] - eth_getBalance
[2020/01/04 20:39:40.040] - eth_getTransactionCount
[2020/01/04 20:39:40.050] - eth_getBalance
[2020/01/04 20:39:40.064] - eth_getTransactionCount
[2020/01/04 20:39:40.075] - eth_getBalance
[2020/01/04 20:39:40.089] - eth_getTransactionCount
[2020/01/04 20:39:40.263] - eth_getBalance
[2020/01/04 20:39:40.273] - eth_getTransactionCount
[2020/01/04 20:39:40.283] - eth_getBalance
[2020/01/04 20:39:40.299] - eth_getTransactionCount
[2020/01/04 20:39:40.308] - eth_getBalance
[2020/01/04 20:39:40.319] - eth_getTransactionCount
[2020/01/04 20:39:40.331] - eth_getBalance
[2020/01/04 20:39:40.341] - eth_getTransactionCount
[2020/01/04 20:39:40.354] - eth_getBalance
[2020/01/04 20:39:40.364] - eth_getTransactionCount
[2020/01/04 20:39:40.375] - eth_getBalance
[2020/01/04 20:39:40.388] - eth_getTransactionCount
[2020/01/04 20:39:40.398] - eth_getBalance
[2020/01/04 20:39:40.413] - eth_getTransactionCount
[2020/01/04 20:39:40.422] - eth_getBalance
[2020/01/04 20:39:40.435] - eth_getTransactionCount
[2020/01/04 20:39:40.450] - eth_getBalance
[2020/01/04 20:39:40.462] - eth_getTransactionCount
[2020/01/04 20:39:40.472] - eth_getBalance
[2020/01/04 20:39:40.485] - eth_getTransactionCount
[2020/01/04 20:39:40.495] - eth_getBalance
[2020/01/04 20:39:40.510] - eth_getTransactionCount
[2020/01/04 20:39:40.521] - eth_getBalance
[2020/01/04 20:39:40.531] - eth_getTransactionCount
[2020/01/04 20:39:40.546] - eth_getBalance
[2020/01/04 20:39:40.556] - eth_getTransactionCount
[2020/01/04 20:39:40.567] - eth_getBalance
[2020/01/04 20:39:40.581] - eth_getTransactionCount
[2020/01/04 20:39:40.592] - eth_getBalance
[2020/01/04 20:39:40.606] - eth_getTransactionCount
[2020/01/04 20:39:40.616] - eth_getBalance
[2020/01/04 20:39:40.627] - eth_getTransactionCount
[2020/01/04 20:39:40.641] - eth_getBalance
[2020/01/04 20:39:40.651] - eth_getTransactionCount
[2020/01/04 20:39:40.666] - eth_getBalance
[2020/01/04 20:39:40.676] - eth_getTransactionCount
[2020/01/04 20:39:40.687] - eth_getBalance
[2020/01/04 20:39:40.702] - eth_getTransactionCount
[2020/01/04 20:39:40.712] - eth_getBalance
[2020/01/04 20:39:40.723] - eth_getTransactionCount
[2020/01/04 20:39:47.576] - net_version
[2020/01/04 20:39:47.588] - eth_accounts
[2020/01/04 20:39:47.629] - eth_accounts
[2020/01/04 20:39:47.697] - eth_getBlockByNumber
[2020/01/04 20:39:47.703] - eth_accounts
[2020/01/04 20:39:47.728] - eth_getBlockByNumber
[2020/01/04 20:39:47.733] - eth_getBlockByNumber
[2020/01/04 20:39:47.749] - eth_getBlockByNumber
[2020/01/04 20:39:47.761] - eth_estimateGas
[2020/01/04 20:39:47.789] - eth_getBlockByNumber
[2020/01/04 20:39:47.790] - eth_blockNumber
[2020/01/04 20:39:47.799] - eth_sendTransaction
[2020/01/04 20:39:47.837] - 
[2020/01/04 20:39:47.839] -   Transaction: 0x7724b251745f20ed15d7c4e38056ba649a92a15d089f6e4e61cf0a50585e40cc
[2020/01/04 20:39:47.840] -   Contract created: 0xb50627eff515dbb5ecf69dabe348e1476dbb54c1
[2020/01/04 20:39:47.841] -   Gas usage: 284908
[2020/01/04 20:39:47.842] -   Block Number: 13
[2020/01/04 20:39:47.842] -   Block Time: Sat Jan 04 2020 20:39:47 GMT+0530 (IST)
[2020/01/04 20:39:47.843] - 
[2020/01/04 20:39:47.844] - eth_getBlockByNumber
[2020/01/04 20:39:47.846] - eth_getTransactionReceipt
[2020/01/04 20:39:47.856] - eth_getCode
[2020/01/04 20:39:47.863] - eth_getBlockByNumber
[2020/01/04 20:39:47.868] - eth_getBlockByNumber
[2020/01/04 20:39:47.876] - eth_sendTransaction
[2020/01/04 20:39:47.895] - eth_getBalance
[2020/01/04 20:39:47.909] - 
[2020/01/04 20:39:47.909] -   Transaction: 0xa0dc580fd871654e57546dcb5e427024e27883f02fae51b3023df5ebd9cc0c75
[2020/01/04 20:39:47.909] -   Gas usage: 42034
[2020/01/04 20:39:47.909] -   Block Number: 14
[2020/01/04 20:39:47.909] -   Block Time: Sat Jan 04 2020 20:39:47 GMT+0530 (IST)
[2020/01/04 20:39:47.909] - 
[2020/01/04 20:39:47.911] - eth_getBlockByNumber
[2020/01/04 20:39:47.912] - eth_getTransactionReceipt
[2020/01/04 20:39:47.919] - eth_getTransactionCount
[2020/01/04 20:39:47.933] - eth_getBalance
[2020/01/04 20:39:47.949] - eth_getTransactionCount
[2020/01/04 20:39:47.966] - eth_getBalance
[2020/01/04 20:39:47.974] - evm_snapshot
[2020/01/04 20:39:47.976] - Saved snapshot #1
[2020/01/04 20:39:47.985] - eth_getTransactionCount
[2020/01/04 20:39:48.012] - eth_getBalance
[2020/01/04 20:39:48.013] - eth_getBlockByNumber
[2020/01/04 20:39:48.025] - eth_blockNumber
[2020/01/04 20:39:48.043] - eth_getTransactionCount
[2020/01/04 20:39:48.065] - eth_getBalance
[2020/01/04 20:39:48.091] - eth_getTransactionCount
[2020/01/04 20:39:48.109] - eth_getBalance
[2020/01/04 20:39:48.131] - eth_getTransactionCount
[2020/01/04 20:39:48.147] - eth_getBalance
[2020/01/04 20:39:48.159] - eth_getTransactionCount
[2020/01/04 20:39:48.175] - eth_getBalance
[2020/01/04 20:39:48.185] - eth_getTransactionCount
[2020/01/04 20:39:48.196] - eth_getBalance
[2020/01/04 20:39:48.208] - eth_getTransactionCount
[2020/01/04 20:39:48.218] - eth_getBalance
[2020/01/04 20:39:48.233] - eth_getTransactionCount
[2020/01/04 20:39:48.243] - eth_getBalance
[2020/01/04 20:39:48.255] - eth_getTransactionCount
[2020/01/04 20:39:48.268] - eth_getBalance
[2020/01/04 20:39:48.278] - eth_getTransactionCount
[2020/01/04 20:39:48.292] - eth_getBalance
[2020/01/04 20:39:48.302] - eth_getTransactionCount
[2020/01/04 20:39:48.312] - eth_getBalance
[2020/01/04 20:39:48.327] - eth_getTransactionCount
[2020/01/04 20:39:48.340] - eth_getBalance
[2020/01/04 20:39:48.369] - eth_getTransactionCount
[2020/01/04 20:39:48.369] - eth_getBalance
[2020/01/04 20:39:48.381] - eth_getTransactionCount
[2020/01/04 20:39:48.396] - eth_getBalance
[2020/01/04 20:39:48.406] - eth_getTransactionCount
[2020/01/04 20:39:48.416] - eth_getBalance
[2020/01/04 20:39:48.432] - eth_getTransactionCount
[2020/01/04 20:39:48.442] - eth_getBalance
[2020/01/04 20:39:48.453] - eth_getTransactionCount
[2020/01/04 20:39:48.465] - eth_getBalance
[2020/01/04 20:39:48.475] - eth_getTransactionCount
[2020/01/04 20:39:48.621] - eth_getBalance
[2020/01/04 20:39:48.635] - eth_getTransactionCount
[2020/01/04 20:39:48.644] - eth_getBalance
[2020/01/04 20:39:48.654] - eth_getTransactionCount
[2020/01/04 20:39:48.669] - eth_getBalance
[2020/01/04 20:39:48.681] - eth_getTransactionCount
[2020/01/04 20:39:48.695] - eth_getBalance
[2020/01/04 20:39:48.705] - eth_getTransactionCount
[2020/01/04 20:39:48.719] - eth_getBalance
[2020/01/04 20:39:48.733] - eth_getTransactionCount
[2020/01/04 20:39:48.743] - eth_getBalance
[2020/01/04 20:39:48.753] - eth_getTransactionCount
[2020/01/04 20:39:48.765] - eth_getBalance
[2020/01/04 20:39:48.775] - eth_getTransactionCount
[2020/01/04 20:39:48.789] - eth_getBalance
[2020/01/04 20:39:48.799] - eth_getTransactionCount
[2020/01/04 20:39:48.809] - eth_getBalance
[2020/01/04 20:39:48.824] - eth_getTransactionCount
[2020/01/04 20:39:48.834] - eth_getBalance
[2020/01/04 20:39:48.845] - eth_getTransactionCount
[2020/01/04 20:39:48.857] - eth_getBalance
[2020/01/04 20:39:48.867] - eth_getTransactionCount
[2020/01/04 20:39:48.882] - eth_getBalance
[2020/01/04 20:39:48.892] - eth_getTransactionCount
[2020/01/04 20:39:48.902] - eth_getBalance
[2020/01/04 20:39:48.916] - eth_getTransactionCount
[2020/01/04 20:39:48.925] - eth_getBalance
[2020/01/04 20:39:48.940] - eth_getTransactionCount
[2020/01/04 20:39:48.949] - eth_getBalance
[2020/01/04 20:39:48.963] - eth_getTransactionCount
[2020/01/04 20:39:48.978] - eth_getBalance
[2020/01/04 20:39:48.989] - eth_getTransactionCount
[2020/01/04 20:39:49.003] - eth_getBalance
[2020/01/04 20:39:49.016] - eth_getTransactionCount
[2020/01/04 20:39:49.026] - eth_getBalance
[2020/01/04 20:39:49.040] - eth_getTransactionCount
[2020/01/04 20:39:49.051] - eth_getBalance
[2020/01/04 20:39:49.061] - eth_getTransactionCount
[2020/01/04 20:39:49.080] - eth_getBalance
[2020/01/04 20:39:49.091] - eth_getTransactionCount
[2020/01/04 21:08:40.162] - eth_getBlockByNumber
[2020/01/04 21:08:41.116] - eth_getBlockTransactionCountByNumber
[2020/01/04 21:08:41.160] - eth_getBlockByNumber
[2020/01/04 21:08:41.206] - eth_getBlockTransactionCountByNumber
[2020/01/04 21:08:41.243] - eth_getBlockByNumber
[2020/01/04 21:08:41.466] - eth_getBlockTransactionCountByNumber
[2020/01/04 21:08:41.735] - eth_getBlockByNumber
[2020/01/04 21:08:42.024] - eth_getBlockTransactionCountByNumber
[2020/01/04 21:08:42.059] - eth_getBlockByNumber
[2020/01/04 21:08:42.160] - eth_getBlockTransactionCountByNumber
[2020/01/04 21:08:42.198] - eth_getBlockByNumber
[2020/01/04 21:08:42.235] - eth_getBlockTransactionCountByNumber
[2020/01/04 21:08:42.271] - eth_getBlockByNumber
[2020/01/04 21:08:42.308] - eth_getBlockTransactionCountByNumber
[2020/01/04 21:08:42.343] - eth_getBlockByNumber
[2020/01/04 21:08:42.420] - eth_getBlockTransactionCountByNumber
[2020/01/04 21:08:42.457] - eth_getBlockByNumber
[2020/01/04 21:08:42.597] - eth_getBlockTransactionCountByNumber
[2020/01/04 21:08:42.632] - eth_getBlockByNumber
[2020/01/04 21:08:42.676] - eth_getBlockTransactionCountByNumber
[2020/01/04 21:08:42.715] - eth_getBlockByNumber
[2020/01/04 21:08:42.773] - eth_getBlockTransactionCountByNumber
[2020/01/04 21:08:42.809] - eth_getBlockByNumber
[2020/01/04 21:08:42.921] - eth_getBlockTransactionCountByNumber
[2020/01/04 21:08:42.957] - eth_getBlockByNumber
[2020/01/04 21:08:42.996] - eth_getBlockTransactionCountByNumber
[2020/01/04 21:08:43.034] - eth_getBlockByNumber
[2020/01/04 21:08:43.076] - eth_getBlockTransactionCountByNumber
[2020/01/04 21:08:43.111] - eth_getBlockByNumber
[2020/01/04 21:08:43.146] - eth_getBlockTransactionCountByNumber
[2020/01/04 21:19:49.853] - eth_unsubscribe
[2020/01/04 21:19:49.894] - eth_unsubscribe
