[2020/01/03 11:43:26.465] - Starting server (version 2.1.2) with initial configuration: {"gasLimit":6721975,"gasPrice":20000000000,"hardfork":"petersburg","db_path":"/home/hellbringer419/.config/Ganache/workspaces/absent-smoke/chaindata","default_balance_ether":100,"hostname":"127.0.0.1","locked":false,"network_id":5777,"port":7545,"total_accounts":20,"unlocked_accounts":[],"verbose":false,"vmErrorsOnRPCResponse":true,"logDirectory":"/home/hellbringer419/Desktop/Programs/BlockChainProgs/landcom_next_app/ganache_logs"}
[2020/01/03 11:43:26.601] - eth_subscribe
[2020/01/03 11:43:26.602] - eth_getLogs
[2020/01/03 11:43:26.606] - eth_subscribe
[2020/01/03 11:43:26.763] - eth_blockNumber
[2020/01/03 11:43:26.767] - eth_accounts
[2020/01/03 11:43:26.769] - eth_gasPrice
[2020/01/03 11:43:26.770] - eth_getBlockByNumber
[2020/01/03 11:43:26.801] - eth_accounts
[2020/01/03 11:43:26.803] - eth_subscribe
[2020/01/03 11:43:26.856] - eth_getBalance
[2020/01/03 11:43:26.863] - eth_getTransactionCount
[2020/01/03 11:43:26.867] - eth_getBalance
[2020/01/03 11:43:26.873] - eth_getTransactionCount
[2020/01/03 11:43:26.876] - eth_getBalance
[2020/01/03 11:43:26.879] - eth_getTransactionCount
[2020/01/03 11:43:26.880] - eth_getBalance
[2020/01/03 11:43:26.882] - eth_getTransactionCount
[2020/01/03 11:43:26.885] - eth_getBalance
[2020/01/03 11:43:26.888] - eth_getTransactionCount
[2020/01/03 11:43:26.890] - eth_getBalance
[2020/01/03 11:43:26.892] - eth_getTransactionCount
[2020/01/03 11:43:26.893] - eth_getBalance
[2020/01/03 11:43:26.895] - eth_getTransactionCount
[2020/01/03 11:43:26.897] - eth_getBalance
[2020/01/03 11:43:26.900] - eth_getTransactionCount
[2020/01/03 11:43:26.902] - eth_getBalance
[2020/01/03 11:43:26.903] - eth_getTransactionCount
[2020/01/03 11:43:26.905] - eth_getBalance
[2020/01/03 11:43:26.912] - eth_getTransactionCount
[2020/01/03 11:43:26.912] - eth_getBalance
[2020/01/03 11:43:26.913] - eth_getTransactionCount
[2020/01/03 11:43:26.917] - eth_getBalance
[2020/01/03 11:43:26.920] - eth_getTransactionCount
[2020/01/03 11:43:26.922] - eth_getBalance
[2020/01/03 11:43:26.924] - eth_getTransactionCount
[2020/01/03 11:43:26.926] - eth_getBalance
[2020/01/03 11:43:26.928] - eth_getTransactionCount
[2020/01/03 11:43:26.932] - eth_getBalance
[2020/01/03 11:43:26.933] - eth_getTransactionCount
[2020/01/03 11:43:26.936] - eth_getBalance
[2020/01/03 11:43:26.937] - eth_getTransactionCount
[2020/01/03 11:43:26.939] - eth_getBalance
[2020/01/03 11:43:26.941] - eth_getTransactionCount
[2020/01/03 11:43:26.945] - eth_getBalance
[2020/01/03 11:43:26.946] - eth_getTransactionCount
[2020/01/03 11:43:26.948] - eth_getBalance
[2020/01/03 11:43:26.950] - eth_getTransactionCount
[2020/01/03 11:43:26.952] - eth_getBalance
[2020/01/03 11:43:26.954] - eth_getTransactionCount
[2020/01/03 11:43:26.999] - eth_getBalance
[2020/01/03 11:43:27.001] - eth_getTransactionCount
[2020/01/03 11:43:27.003] - eth_getBalance
[2020/01/03 11:43:27.004] - eth_getTransactionCount
[2020/01/03 11:43:27.006] - eth_getBalance
[2020/01/03 11:43:27.009] - eth_getTransactionCount
[2020/01/03 11:43:27.012] - eth_getBalance
[2020/01/03 11:43:27.013] - eth_getTransactionCount
[2020/01/03 11:43:27.015] - eth_getBalance
[2020/01/03 11:43:27.018] - eth_getTransactionCount
[2020/01/03 11:43:27.019] - eth_getBalance
[2020/01/03 11:43:27.023] - eth_getTransactionCount
[2020/01/03 11:43:27.029] - eth_getBalance
[2020/01/03 11:43:27.029] - eth_getTransactionCount
[2020/01/03 11:43:27.032] - eth_getBalance
[2020/01/03 11:43:27.032] - eth_getTransactionCount
[2020/01/03 11:43:27.033] - eth_getBalance
[2020/01/03 11:43:27.035] - eth_getTransactionCount
[2020/01/03 11:43:27.037] - eth_getBalance
[2020/01/03 11:43:27.041] - eth_getTransactionCount
[2020/01/03 11:43:27.043] - eth_getBalance
[2020/01/03 11:43:27.043] - eth_getTransactionCount
[2020/01/03 11:43:27.045] - eth_getBalance
[2020/01/03 11:43:27.046] - eth_getTransactionCount
[2020/01/03 11:43:27.048] - eth_getBalance
[2020/01/03 11:43:27.052] - eth_getTransactionCount
[2020/01/03 11:43:27.053] - eth_getBalance
[2020/01/03 11:43:27.055] - eth_getTransactionCount
[2020/01/03 11:43:27.056] - eth_getBalance
[2020/01/03 11:43:27.058] - eth_getTransactionCount
[2020/01/03 11:43:27.059] - eth_getBalance
[2020/01/03 11:43:27.060] - eth_getTransactionCount
[2020/01/03 11:43:27.062] - eth_getBalance
[2020/01/03 11:43:27.063] - eth_getTransactionCount
[2020/01/03 11:43:27.064] - eth_getBalance
[2020/01/03 11:43:27.067] - eth_getTransactionCount
[2020/01/03 11:43:27.067] - eth_getBalance
[2020/01/03 11:43:27.070] - eth_getTransactionCount
[2020/01/03 11:43:27.072] - eth_getBalance
[2020/01/03 11:43:27.073] - eth_getTransactionCount
[2020/01/03 11:46:34.681] - net_version
[2020/01/03 11:46:34.723] - eth_accounts
[2020/01/03 11:46:34.762] - eth_getBlockByNumber
[2020/01/03 11:46:34.769] - eth_accounts
[2020/01/03 11:46:34.835] - eth_getBlockByNumber
[2020/01/03 11:46:34.845] - net_version
[2020/01/03 11:46:34.852] - eth_getBlockByNumber
[2020/01/03 11:46:34.863] - eth_getBlockByNumber
[2020/01/03 11:46:34.871] - net_version
[2020/01/03 11:46:34.902] - eth_estimateGas
[2020/01/03 11:46:35.170] - eth_getBlockByNumber
[2020/01/03 11:46:35.172] - eth_blockNumber
[2020/01/03 11:46:35.177] - net_version
[2020/01/03 11:46:35.182] - eth_sendTransaction
[2020/01/03 11:46:35.367] - 
[2020/01/03 11:46:35.367] -   Transaction: 0xab26ee4e9d1998c9122602226cb88e77ae3e617fcb81aa5f57237dd13b02193a
[2020/01/03 11:46:35.367] -   Contract created: 0x075d670532bbdfc402c224cb1b96c2d67cd9f413
[2020/01/03 11:46:35.367] -   Gas usage: 284908
[2020/01/03 11:46:35.367] -   Block Number: 1
[2020/01/03 11:46:35.394] -   Block Time: Fri Jan 03 2020 11:46:35 GMT+0530 (IST)
[2020/01/03 11:46:35.394] - 
[2020/01/03 11:46:35.397] - eth_getBlockByNumber
[2020/01/03 11:46:35.397] - eth_getBalance
[2020/01/03 11:46:35.397] - eth_getTransactionCount
[2020/01/03 11:46:35.400] - eth_getBalance
[2020/01/03 11:46:35.400] - eth_getTransactionReceipt
[2020/01/03 11:46:35.401] - eth_getTransactionCount
[2020/01/03 11:46:35.401] - eth_getBalance
[2020/01/03 11:46:35.401] - eth_getTransactionCount
[2020/01/03 11:46:35.402] - eth_getBalance
[2020/01/03 11:46:35.403] - eth_getTransactionCount
[2020/01/03 11:46:35.403] - eth_getBalance
[2020/01/03 11:46:35.405] - eth_getTransactionCount
[2020/01/03 11:46:35.408] - eth_getBalance
[2020/01/03 11:46:35.410] - eth_getTransactionCount
[2020/01/03 11:46:35.412] - eth_getBalance
[2020/01/03 11:46:35.414] - eth_getTransactionCount
[2020/01/03 11:46:35.416] - eth_getCode
[2020/01/03 11:46:35.418] - eth_getBalance
[2020/01/03 11:46:35.421] - eth_getTransactionCount
[2020/01/03 11:46:35.424] - eth_getBalance
[2020/01/03 11:46:35.426] - eth_getTransactionCount
[2020/01/03 11:46:35.456] - eth_getBalance
[2020/01/03 11:46:35.456] - eth_getTransactionCount
[2020/01/03 11:46:35.459] - eth_getBalance
[2020/01/03 11:46:35.459] - eth_getTransactionCount
[2020/01/03 11:46:35.459] - eth_getBalance
[2020/01/03 11:46:35.461] - eth_getTransactionCount
[2020/01/03 11:46:35.462] - eth_getBalance
[2020/01/03 11:46:35.462] - eth_getTransactionCount
[2020/01/03 11:46:35.462] - eth_getBalance
[2020/01/03 11:46:35.462] - eth_getTransactionCount
[2020/01/03 11:46:35.462] - eth_getBalance
[2020/01/03 11:46:35.463] - eth_getTransactionCount
[2020/01/03 11:46:35.465] - eth_getBalance
[2020/01/03 11:46:35.466] - eth_getTransactionCount
[2020/01/03 11:46:35.467] - eth_getBalance
[2020/01/03 11:46:35.469] - eth_getTransactionCount
[2020/01/03 11:46:35.469] - eth_getBalance
[2020/01/03 11:46:35.475] - eth_getTransactionCount
[2020/01/03 11:46:35.477] - eth_getBalance
[2020/01/03 11:46:35.482] - eth_getTransactionCount
[2020/01/03 11:46:35.483] - eth_getTransactionByHash
[2020/01/03 11:46:35.488] - eth_getBalance
[2020/01/03 11:46:35.490] - eth_getTransactionCount
[2020/01/03 11:46:35.565] - eth_getBalance
[2020/01/03 11:46:43.846] - net_version
[2020/01/03 11:46:43.856] - eth_accounts
[2020/01/03 11:46:43.909] - eth_accounts
[2020/01/03 11:46:43.927] - eth_getBlockByNumber
[2020/01/03 11:46:43.934] - eth_accounts
[2020/01/03 11:46:43.953] - eth_getBlockByNumber
[2020/01/03 11:46:43.958] - net_version
[2020/01/03 11:46:43.963] - eth_getBlockByNumber
[2020/01/03 11:46:43.968] - eth_getBlockByNumber
[2020/01/03 11:46:43.972] - net_version
[2020/01/03 11:46:43.980] - eth_estimateGas
[2020/01/03 11:46:44.007] - eth_getBlockByNumber
[2020/01/03 11:46:44.007] - eth_blockNumber
[2020/01/03 11:46:44.015] - net_version
[2020/01/03 11:46:44.021] - eth_sendTransaction
[2020/01/03 11:46:44.068] - 
[2020/01/03 11:46:44.068] -   Transaction: 0x77a3ac92cc6f6b339c81d5a59365b17178179591734d21274092ae396452a84c
[2020/01/03 11:46:44.068] -   Contract created: 0xcb75b35f68250fea1fe58a9ccea0314cda5700a4
[2020/01/03 11:46:44.068] -   Gas usage: 284908
[2020/01/03 11:46:44.068] -   Block Number: 2
[2020/01/03 11:46:44.068] -   Block Time: Fri Jan 03 2020 11:46:44 GMT+0530 (IST)
[2020/01/03 11:46:44.068] - 
[2020/01/03 11:46:44.069] - eth_getBlockByNumber
[2020/01/03 11:46:44.070] - eth_getTransactionReceipt
[2020/01/03 11:46:44.079] - eth_getBalance
[2020/01/03 11:46:44.081] - eth_getTransactionCount
[2020/01/03 11:46:44.083] - eth_getBalance
[2020/01/03 11:46:44.085] - eth_getCode
[2020/01/03 11:46:44.089] - eth_getTransactionCount
[2020/01/03 11:46:44.091] - eth_getBalance
[2020/01/03 11:46:44.094] - eth_getTransactionCount
[2020/01/03 11:46:44.104] - eth_getBalance
[2020/01/03 11:46:44.104] - eth_getTransactionCount
[2020/01/03 11:46:44.106] - eth_getBalance
[2020/01/03 11:46:44.109] - eth_getTransactionCount
[2020/01/03 11:46:44.112] - eth_getBalance
[2020/01/03 11:46:44.115] - eth_getTransactionCount
[2020/01/03 11:46:44.121] - eth_getBalance
[2020/01/03 11:46:44.121] - eth_getTransactionCount
[2020/01/03 11:46:44.126] - eth_getBalance
[2020/01/03 11:46:44.128] - eth_getTransactionCount
[2020/01/03 11:46:44.132] - eth_getBalance
[2020/01/03 11:46:44.133] - eth_getTransactionCount
[2020/01/03 11:46:44.135] - eth_getBalance
[2020/01/03 11:46:44.138] - eth_getTransactionCount
[2020/01/03 11:46:44.142] - eth_getBalance
[2020/01/03 11:46:44.146] - eth_getTransactionCount
[2020/01/03 11:46:44.155] - eth_getBalance
[2020/01/03 11:46:44.171] - eth_getTransactionCount
[2020/01/03 11:46:44.172] - eth_getBalance
[2020/01/03 11:46:44.174] - eth_getTransactionCount
[2020/01/03 11:46:44.174] - eth_getBalance
[2020/01/03 11:46:44.176] - eth_getTransactionCount
[2020/01/03 11:46:44.183] - eth_getBalance
[2020/01/03 11:46:44.184] - eth_getTransactionCount
[2020/01/03 11:46:44.186] - eth_getBalance
[2020/01/03 11:46:44.188] - eth_getTransactionCount
[2020/01/03 11:46:44.190] - eth_getBalance
[2020/01/03 11:46:44.195] - eth_getTransactionCount
[2020/01/03 11:46:44.207] - eth_getBalance
[2020/01/03 11:46:44.207] - eth_getTransactionCount
[2020/01/03 11:46:44.211] - eth_getBalance
[2020/01/03 11:46:44.214] - evm_snapshot
[2020/01/03 11:46:44.215] - eth_getTransactionCount
[2020/01/03 11:46:44.215] - eth_getBalance
[2020/01/03 11:46:44.219] - eth_getTransactionCount
[2020/01/03 11:46:44.259] - Saved snapshot #1
[2020/01/03 11:46:44.266] - eth_getBlockByNumber
[2020/01/03 11:46:44.277] - net_version
[2020/01/03 11:50:48.856] - net_version
[2020/01/03 11:50:48.908] - eth_accounts
[2020/01/03 11:50:48.950] - eth_accounts
[2020/01/03 11:50:48.990] - eth_getBlockByNumber
[2020/01/03 11:50:49.046] - eth_accounts
[2020/01/03 11:51:50.680] - net_version
[2020/01/03 11:51:50.689] - eth_accounts
[2020/01/03 11:51:50.723] - eth_getBlockByNumber
[2020/01/03 11:51:50.734] - eth_accounts
[2020/01/03 11:52:32.502] - net_version
[2020/01/03 11:52:32.516] - eth_accounts
[2020/01/03 11:52:32.555] - eth_getBlockByNumber
[2020/01/03 11:52:32.563] - eth_accounts
[2020/01/03 11:52:32.575] - eth_getBlockByNumber
[2020/01/03 11:52:32.579] - net_version
[2020/01/03 11:52:32.582] - eth_getBlockByNumber
[2020/01/03 11:52:32.586] - eth_getBlockByNumber
[2020/01/03 11:52:32.592] - net_version
[2020/01/03 11:52:32.601] - eth_estimateGas
[2020/01/03 11:52:32.861] - eth_getBlockByNumber
[2020/01/03 11:52:32.862] - eth_blockNumber
[2020/01/03 11:52:32.874] - net_version
[2020/01/03 11:52:32.879] - eth_sendTransaction
[2020/01/03 11:52:32.982] - 
[2020/01/03 11:52:32.983] -   Transaction: 0x721c2d8101dc2ea5fca51dfaa4e89b136f112b71489f2d73888b3910a2d4568b
[2020/01/03 11:52:32.983] -   Contract created: 0xca04288a8d6aa9d85fb88a4b325238fab25a3139
[2020/01/03 11:52:32.983] -   Gas usage: 284908
[2020/01/03 11:52:32.983] -   Block Number: 3
[2020/01/03 11:52:32.983] -   Block Time: Fri Jan 03 2020 11:52:32 GMT+0530 (IST)
[2020/01/03 11:52:32.983] - 
[2020/01/03 11:52:32.985] - eth_getTransactionReceipt
[2020/01/03 11:52:32.992] - eth_getCode
[2020/01/03 11:52:32.999] - eth_getTransactionByHash
[2020/01/03 11:52:33.004] - eth_getBalance
[2020/01/03 11:52:33.060] - eth_getBlockByNumber
[2020/01/03 11:52:33.517] - eth_getBalance
[2020/01/03 11:52:33.524] - eth_getTransactionCount
[2020/01/03 11:52:33.532] - eth_getBalance
[2020/01/03 11:52:33.539] - eth_getTransactionCount
[2020/01/03 11:52:33.548] - eth_getBalance
[2020/01/03 11:52:33.556] - eth_getTransactionCount
[2020/01/03 11:52:33.565] - eth_getBalance
[2020/01/03 11:52:33.571] - eth_getTransactionCount
[2020/01/03 11:52:33.576] - eth_getBalance
[2020/01/03 11:52:33.584] - eth_getTransactionCount
[2020/01/03 11:52:33.589] - eth_getBalance
[2020/01/03 11:52:33.598] - eth_getTransactionCount
[2020/01/03 11:52:33.605] - eth_getBalance
[2020/01/03 11:52:33.617] - eth_getTransactionCount
[2020/01/03 11:52:33.625] - eth_getBalance
[2020/01/03 11:52:33.633] - eth_getTransactionCount
[2020/01/03 11:52:33.646] - eth_getBalance
[2020/01/03 11:52:33.653] - eth_getTransactionCount
[2020/01/03 11:52:33.662] - eth_getBalance
[2020/01/03 11:52:33.672] - eth_getTransactionCount
[2020/01/03 11:52:33.678] - eth_getBalance
[2020/01/03 11:52:33.685] - eth_getTransactionCount
[2020/01/03 11:52:33.689] - eth_getBalance
[2020/01/03 11:52:33.700] - eth_getTransactionCount
[2020/01/03 11:52:33.706] - eth_getBalance
[2020/01/03 11:52:33.712] - eth_getTransactionCount
[2020/01/03 11:52:33.722] - eth_getBalance
[2020/01/03 11:52:33.723] - eth_getTransactionCount
[2020/01/03 11:52:33.733] - eth_getBalance
[2020/01/03 11:52:33.739] - eth_getTransactionCount
[2020/01/03 11:52:33.745] - eth_getBalance
[2020/01/03 11:52:33.751] - eth_getTransactionCount
[2020/01/03 11:52:33.759] - eth_getBalance
[2020/01/03 11:52:33.766] - eth_getTransactionCount
[2020/01/03 11:52:33.771] - eth_getBalance
[2020/01/03 11:52:33.776] - eth_getTransactionCount
[2020/01/03 11:52:33.781] - eth_getBalance
[2020/01/03 11:52:33.790] - eth_getTransactionCount
[2020/01/03 11:52:33.795] - eth_getBalance
[2020/01/03 11:52:33.802] - eth_getTransactionCount
[2020/01/03 11:53:37.258] - net_version
[2020/01/03 11:53:37.298] - eth_accounts
[2020/01/03 11:53:37.333] - eth_accounts
[2020/01/03 11:53:37.359] - eth_getBlockByNumber
[2020/01/03 11:53:37.368] - eth_accounts
[2020/01/03 11:53:37.393] - eth_getBlockByNumber
[2020/01/03 11:53:37.396] - net_version
[2020/01/03 11:53:37.400] - eth_getBlockByNumber
[2020/01/03 11:53:37.405] - eth_getBlockByNumber
[2020/01/03 11:53:37.410] - net_version
[2020/01/03 11:53:37.420] - eth_estimateGas
[2020/01/03 11:53:37.439] - eth_getBlockByNumber
[2020/01/03 11:53:37.439] - eth_blockNumber
[2020/01/03 11:53:37.446] - net_version
[2020/01/03 11:53:37.451] - eth_sendTransaction
[2020/01/03 11:53:37.490] - 
[2020/01/03 11:53:37.491] -   Transaction: 0x1ef600d0231e1599df085f6e5f299e71e701a06bed7e3fcfc7c40c627cd39092
[2020/01/03 11:53:37.492] -   Contract created: 0x8d983126cd2276660b865123e70609e76467b4b4
[2020/01/03 11:53:37.492] -   Gas usage: 284908
[2020/01/03 11:53:37.492] -   Block Number: 4
[2020/01/03 11:53:37.492] -   Block Time: Fri Jan 03 2020 11:53:37 GMT+0530 (IST)
[2020/01/03 11:53:37.492] - 
[2020/01/03 11:53:37.494] - eth_getBlockByNumber
[2020/01/03 11:53:37.494] - eth_getTransactionReceipt
[2020/01/03 11:53:37.502] - eth_getBalance
[2020/01/03 11:53:37.508] - eth_getTransactionCount
[2020/01/03 11:53:37.511] - eth_getBalance
[2020/01/03 11:53:37.512] - eth_getCode
[2020/01/03 11:53:37.513] - eth_getTransactionCount
[2020/01/03 11:53:37.521] - eth_getBalance
[2020/01/03 11:53:37.523] - eth_getTransactionCount
[2020/01/03 11:53:37.526] - eth_getBalance
[2020/01/03 11:53:37.531] - eth_getTransactionCount
[2020/01/03 11:53:37.541] - eth_getBalance
[2020/01/03 11:53:37.545] - eth_getTransactionCount
[2020/01/03 11:53:37.551] - eth_getBalance
[2020/01/03 11:53:37.554] - eth_getTransactionCount
[2020/01/03 11:53:37.562] - eth_getBalance
[2020/01/03 11:53:37.565] - eth_getTransactionCount
[2020/01/03 11:53:37.576] - eth_getBalance
[2020/01/03 11:53:37.578] - eth_getTransactionCount
[2020/01/03 11:53:37.579] - eth_getBalance
[2020/01/03 11:53:37.582] - eth_getTransactionCount
[2020/01/03 11:53:37.586] - eth_getBalance
[2020/01/03 11:53:37.593] - eth_getTransactionCount
[2020/01/03 11:53:37.597] - eth_getBalance
[2020/01/03 11:53:37.603] - eth_getTransactionCount
[2020/01/03 11:53:37.605] - eth_getBalance
[2020/01/03 11:53:37.610] - eth_getTransactionCount
[2020/01/03 11:53:37.618] - eth_getBalance
[2020/01/03 11:53:37.621] - eth_getTransactionCount
[2020/01/03 11:53:37.626] - eth_getBalance
[2020/01/03 11:53:37.644] - eth_getTransactionCount
[2020/01/03 11:53:37.644] - eth_getBalance
[2020/01/03 11:53:37.646] - eth_getTransactionCount
[2020/01/03 11:53:37.647] - eth_getBalance
[2020/01/03 11:53:37.647] - eth_getTransactionCount
[2020/01/03 11:53:37.651] - eth_getBalance
[2020/01/03 11:53:37.663] - eth_getTransactionCount
[2020/01/03 11:53:37.664] - eth_getBalance
[2020/01/03 11:53:37.664] - evm_snapshot
[2020/01/03 11:53:37.665] - eth_getTransactionCount
[2020/01/03 11:53:37.669] - eth_getBalance
[2020/01/03 11:53:37.671] - eth_getTransactionCount
[2020/01/03 11:53:37.674] - eth_getBalance
[2020/01/03 11:53:37.677] - eth_getTransactionCount
[2020/01/03 11:53:37.696] - Saved snapshot #2
[2020/01/03 11:53:37.703] - eth_getBlockByNumber
[2020/01/03 11:53:37.717] - net_version
[2020/01/03 11:53:48.577] - net_version
[2020/01/03 11:53:48.586] - eth_accounts
[2020/01/03 11:53:48.628] - eth_getBlockByNumber
[2020/01/03 11:53:48.636] - eth_accounts
[2020/01/03 11:53:48.644] - eth_getBlockByNumber
[2020/01/03 11:53:48.650] - net_version
[2020/01/03 11:53:48.654] - eth_getBlockByNumber
[2020/01/03 11:53:48.659] - eth_getBlockByNumber
[2020/01/03 11:53:48.663] - net_version
[2020/01/03 11:53:48.672] - eth_estimateGas
[2020/01/03 11:53:48.694] - eth_getBlockByNumber
[2020/01/03 11:53:48.694] - eth_blockNumber
[2020/01/03 11:53:48.700] - net_version
[2020/01/03 11:53:48.705] - eth_sendTransaction
[2020/01/03 11:53:48.789] - 
[2020/01/03 11:53:48.789] -   Transaction: 0xb30f2221ec114c601be94dbd4edaa933f9d90f11ac963854cc131a92ce36e5a7
[2020/01/03 11:53:48.789] -   Contract created: 0xe042c572fd729a02e0d4b91f07e0c53e53f39613
[2020/01/03 11:53:48.789] -   Gas usage: 284908
[2020/01/03 11:53:48.789] -   Block Number: 5
[2020/01/03 11:53:48.789] -   Block Time: Fri Jan 03 2020 11:53:48 GMT+0530 (IST)
[2020/01/03 11:53:48.789] - 
[2020/01/03 11:53:48.791] - eth_getTransactionReceipt
[2020/01/03 11:53:48.791] - eth_getBlockByNumber
[2020/01/03 11:53:48.799] - eth_getCode
[2020/01/03 11:53:48.801] - eth_getBalance
[2020/01/03 11:53:48.806] - eth_getTransactionCount
[2020/01/03 11:53:48.820] - eth_getBalance
[2020/01/03 11:53:48.821] - eth_getTransactionCount
[2020/01/03 11:53:48.824] - eth_getTransactionByHash
[2020/01/03 11:53:48.825] - eth_getBalance
[2020/01/03 11:53:48.828] - eth_getTransactionCount
[2020/01/03 11:53:48.831] - eth_getBalance
[2020/01/03 11:53:48.834] - eth_getTransactionCount
[2020/01/03 11:53:48.834] - eth_getBalance
[2020/01/03 11:53:48.840] - eth_getBalance
[2020/01/03 11:53:48.847] - eth_getTransactionCount
[2020/01/03 11:53:48.850] - eth_getBalance
[2020/01/03 11:53:48.854] - eth_getTransactionCount
[2020/01/03 11:53:48.857] - eth_getBalance
[2020/01/03 11:53:48.864] - eth_getTransactionCount
[2020/01/03 11:53:48.867] - eth_getBalance
[2020/01/03 11:53:48.871] - eth_getTransactionCount
[2020/01/03 11:53:48.873] - eth_getBalance
[2020/01/03 11:53:48.876] - eth_getTransactionCount
[2020/01/03 11:53:48.879] - eth_getBalance
[2020/01/03 11:53:48.882] - eth_getTransactionCount
[2020/01/03 11:53:48.890] - eth_getBalance
[2020/01/03 11:53:48.891] - eth_getTransactionCount
[2020/01/03 11:53:48.902] - eth_getBalance
[2020/01/03 11:53:48.904] - eth_getTransactionCount
[2020/01/03 11:53:48.906] - eth_getBalance
[2020/01/03 11:53:48.927] - eth_getTransactionCount
[2020/01/03 11:53:48.931] - eth_getBalance
[2020/01/03 11:53:48.932] - eth_getTransactionCount
[2020/01/03 11:53:48.936] - eth_getBalance
[2020/01/03 11:53:48.937] - eth_getTransactionCount
[2020/01/03 11:53:48.938] - eth_getBalance
[2020/01/03 11:53:48.940] - eth_getTransactionCount
[2020/01/03 11:53:48.942] - eth_getBalance
[2020/01/03 11:53:48.943] - eth_getTransactionCount
[2020/01/03 11:53:48.944] - eth_getBalance
[2020/01/03 11:53:48.947] - eth_getTransactionCount
[2020/01/03 11:53:48.947] - eth_getBalance
[2020/01/03 11:53:48.951] - eth_getTransactionCount
[2020/01/03 11:53:48.952] - eth_getBalance
[2020/01/03 11:53:48.957] - eth_getTransactionCount
[2020/01/03 11:53:54.309] - net_version
[2020/01/03 11:53:54.319] - eth_accounts
[2020/01/03 11:53:54.352] - eth_accounts
[2020/01/03 11:53:54.372] - eth_getBlockByNumber
[2020/01/03 11:53:54.377] - eth_accounts
[2020/01/03 11:53:54.389] - eth_getBlockByNumber
[2020/01/03 11:53:54.394] - net_version
[2020/01/03 11:53:54.398] - eth_getBlockByNumber
[2020/01/03 11:53:54.404] - eth_getBlockByNumber
[2020/01/03 11:53:54.409] - net_version
[2020/01/03 11:53:54.418] - eth_estimateGas
[2020/01/03 11:53:54.442] - eth_getBlockByNumber
[2020/01/03 11:53:54.442] - eth_blockNumber
[2020/01/03 11:53:54.450] - net_version
[2020/01/03 11:53:54.457] - eth_sendTransaction
[2020/01/03 11:53:54.488] - 
[2020/01/03 11:53:54.488] -   Transaction: 0xb26b2c01c7b4805b53be1ff491a89bb14c18a6f57e83ef16dfb821de5df5f162
[2020/01/03 11:53:54.488] -   Contract created: 0x1c5be782ad5b8d5655a878537ac9b31957c951e3
[2020/01/03 11:53:54.488] -   Gas usage: 284908
[2020/01/03 11:53:54.488] -   Block Number: 6
[2020/01/03 11:53:54.488] -   Block Time: Fri Jan 03 2020 11:53:54 GMT+0530 (IST)
[2020/01/03 11:53:54.489] - 
[2020/01/03 11:53:54.489] - eth_getTransactionReceipt
[2020/01/03 11:53:54.490] - eth_getBlockByNumber
[2020/01/03 11:53:54.498] - eth_getCode
[2020/01/03 11:53:54.502] - eth_getBalance
[2020/01/03 11:53:54.505] - eth_getTransactionCount
[2020/01/03 11:53:54.508] - eth_getBalance
[2020/01/03 11:53:54.516] - eth_getTransactionCount
[2020/01/03 11:53:54.516] - eth_getBalance
[2020/01/03 11:53:54.519] - eth_getTransactionCount
[2020/01/03 11:53:54.523] - eth_getBalance
[2020/01/03 11:53:54.527] - eth_getTransactionCount
[2020/01/03 11:53:54.532] - eth_getBalance
[2020/01/03 11:53:54.535] - eth_getTransactionCount
[2020/01/03 11:53:54.551] - eth_getBalance
[2020/01/03 11:53:54.552] - eth_getTransactionCount
[2020/01/03 11:53:54.552] - eth_getBalance
[2020/01/03 11:53:54.552] - eth_getTransactionCount
[2020/01/03 11:53:54.552] - eth_getBalance
[2020/01/03 11:53:54.555] - eth_getTransactionCount
[2020/01/03 11:53:54.558] - eth_getBalance
[2020/01/03 11:53:54.569] - eth_getTransactionCount
[2020/01/03 11:53:54.570] - eth_getBalance
[2020/01/03 11:53:54.573] - eth_getTransactionCount
[2020/01/03 11:53:54.575] - evm_snapshot
[2020/01/03 11:53:54.577] - eth_getBalance
[2020/01/03 11:53:54.578] - eth_getTransactionCount
[2020/01/03 11:53:54.581] - eth_getBalance
[2020/01/03 11:53:54.586] - eth_getTransactionCount
[2020/01/03 11:53:54.586] - eth_getBalance
[2020/01/03 11:53:54.589] - eth_getTransactionCount
[2020/01/03 11:53:54.591] - eth_getBalance
[2020/01/03 11:53:54.593] - eth_getTransactionCount
[2020/01/03 11:53:54.595] - Saved snapshot #3
[2020/01/03 11:53:54.597] - eth_getBalance
[2020/01/03 11:53:54.598] - eth_getTransactionCount
[2020/01/03 11:53:54.603] - eth_getBalance
[2020/01/03 11:53:54.605] - eth_getBlockByNumber
[2020/01/03 11:53:54.608] - eth_getTransactionCount
[2020/01/03 11:53:54.610] - eth_getBalance
[2020/01/03 11:53:54.613] - eth_getTransactionCount
[2020/01/03 11:53:54.614] - eth_getBalance
[2020/01/03 11:53:54.617] - eth_getTransactionCount
[2020/01/03 11:53:54.628] - eth_getBalance
[2020/01/03 11:53:54.631] - eth_getTransactionCount
[2020/01/03 11:53:54.634] - eth_getBalance
[2020/01/03 11:53:54.637] - eth_getTransactionCount
[2020/01/03 11:53:54.639] - net_version
[2020/01/03 11:54:42.996] - net_version
[2020/01/03 11:54:43.005] - eth_accounts
[2020/01/03 11:54:43.040] - eth_accounts
[2020/01/03 11:54:43.072] - eth_getBlockByNumber
[2020/01/03 11:54:43.082] - eth_accounts
[2020/01/03 11:54:43.095] - eth_getBlockByNumber
[2020/01/03 11:54:43.100] - net_version
[2020/01/03 11:54:43.104] - eth_getBlockByNumber
[2020/01/03 11:54:43.112] - eth_getBlockByNumber
[2020/01/03 11:54:43.116] - net_version
[2020/01/03 11:54:43.125] - eth_estimateGas
[2020/01/03 11:54:43.157] - eth_getBlockByNumber
[2020/01/03 11:54:43.158] - eth_blockNumber
[2020/01/03 11:54:43.166] - net_version
[2020/01/03 11:54:43.171] - eth_sendTransaction
[2020/01/03 11:54:43.220] - 
[2020/01/03 11:54:43.220] -   Transaction: 0xe10118ae5107b0748a9656d474a9dc59a0afb875ecb85cedef887c7fc4ff1f33
[2020/01/03 11:54:43.220] -   Contract created: 0xd9a6977568725eb3d812c9459851cb7f4695f237
[2020/01/03 11:54:43.221] -   Gas usage: 284908
[2020/01/03 11:54:43.221] -   Block Number: 7
[2020/01/03 11:54:43.221] -   Block Time: Fri Jan 03 2020 11:54:43 GMT+0530 (IST)
[2020/01/03 11:54:43.221] - 
[2020/01/03 11:54:43.221] - eth_getBlockByNumber
[2020/01/03 11:54:43.222] - eth_getTransactionReceipt
[2020/01/03 11:54:43.236] - eth_getBalance
[2020/01/03 11:54:43.237] - eth_getCode
[2020/01/03 11:54:43.238] - eth_getTransactionCount
[2020/01/03 11:54:43.248] - eth_getBalance
[2020/01/03 11:54:43.248] - eth_getTransactionCount
[2020/01/03 11:54:43.250] - eth_getBlockByNumber
[2020/01/03 11:54:43.253] - eth_getBalance
[2020/01/03 11:54:43.257] - eth_getTransactionCount
[2020/01/03 11:54:43.257] - eth_getBlockByNumber
[2020/01/03 11:54:43.259] - eth_getBalance
[2020/01/03 11:54:43.266] - eth_getTransactionCount
[2020/01/03 11:54:43.266] - eth_sendTransaction
[2020/01/03 11:54:43.293] - eth_getBalance
[2020/01/03 11:54:43.293] - eth_getTransactionCount
[2020/01/03 11:54:43.293] - eth_getBalance
[2020/01/03 11:54:43.297] - eth_getTransactionCount
[2020/01/03 11:54:43.297] - eth_getBalance
[2020/01/03 11:54:43.298] - eth_getTransactionCount
[2020/01/03 11:54:43.298] - eth_getBalance
[2020/01/03 11:54:43.298] - eth_getTransactionCount
[2020/01/03 11:54:43.299] - eth_getBalance
[2020/01/03 11:54:43.302] - eth_getTransactionCount
[2020/01/03 11:54:43.307] - eth_getBalance
[2020/01/03 11:54:43.311] - eth_getTransactionCount
[2020/01/03 11:54:43.313] - eth_getBalance
[2020/01/03 11:54:43.316] - eth_getTransactionCount
[2020/01/03 11:54:43.321] - eth_getBalance
[2020/01/03 11:54:43.325] - eth_getTransactionCount
[2020/01/03 11:54:43.328] - eth_getBalance
[2020/01/03 11:54:43.331] - eth_getTransactionCount
[2020/01/03 11:54:43.338] - 
[2020/01/03 11:54:43.338] -   Transaction: 0x68cced14767190774bfd6c88f8ac959d416ad305d36300a0c5a604bfb27303d8
[2020/01/03 11:54:43.338] -   Gas usage: 42034
[2020/01/03 11:54:43.338] -   Block Number: 8
[2020/01/03 11:54:43.339] -   Block Time: Fri Jan 03 2020 11:54:43 GMT+0530 (IST)
[2020/01/03 11:54:43.339] - 
[2020/01/03 11:54:43.339] - eth_getBalance
[2020/01/03 11:54:43.340] - eth_getBlockByNumber
[2020/01/03 11:54:43.345] - eth_getTransactionCount
[2020/01/03 11:54:43.346] - eth_getTransactionReceipt
[2020/01/03 11:54:43.348] - eth_getBalance
[2020/01/03 11:54:43.350] - eth_getTransactionCount
[2020/01/03 11:54:43.353] - eth_getBalance
[2020/01/03 11:54:43.356] - eth_getTransactionCount
[2020/01/03 11:54:43.362] - eth_getBalance
[2020/01/03 11:54:43.366] - eth_getTransactionCount
[2020/01/03 11:54:43.370] - eth_getBalance
[2020/01/03 11:54:43.371] - eth_getTransactionCount
[2020/01/03 11:54:43.375] - eth_getBalance
[2020/01/03 11:54:43.377] - eth_getTransactionCount
[2020/01/03 11:54:43.381] - eth_getBalance
[2020/01/03 11:54:43.384] - eth_getTransactionCount
[2020/01/03 11:54:43.445] - evm_snapshot
[2020/01/03 11:54:43.458] - Saved snapshot #4
[2020/01/03 11:54:43.467] - eth_getBlockByNumber
[2020/01/03 11:54:43.474] - eth_blockNumber
[2020/01/03 11:54:43.514] - eth_getBalance
[2020/01/03 11:54:43.519] - eth_getTransactionCount
[2020/01/03 11:54:43.528] - eth_getBalance
[2020/01/03 11:54:43.529] - eth_getTransactionCount
[2020/01/03 11:54:43.529] - eth_getBalance
[2020/01/03 11:54:43.533] - eth_getTransactionCount
[2020/01/03 11:54:43.536] - eth_getBalance
[2020/01/03 11:54:43.539] - eth_getTransactionCount
[2020/01/03 11:54:43.546] - eth_getBalance
[2020/01/03 11:54:43.547] - eth_getTransactionCount
[2020/01/03 11:54:43.550] - eth_getBalance
[2020/01/03 11:54:43.554] - eth_getTransactionCount
[2020/01/03 11:54:43.555] - eth_getBalance
[2020/01/03 11:54:43.559] - eth_getTransactionCount
[2020/01/03 11:54:43.562] - eth_getBalance
[2020/01/03 11:54:43.564] - eth_getTransactionCount
[2020/01/03 11:54:43.566] - eth_getBalance
[2020/01/03 11:54:43.574] - eth_getTransactionCount
[2020/01/03 11:54:43.574] - eth_getBalance
[2020/01/03 11:54:43.580] - eth_getTransactionCount
[2020/01/03 11:54:43.580] - eth_getBalance
[2020/01/03 11:54:43.583] - eth_getTransactionCount
[2020/01/03 11:54:43.585] - eth_getBalance
[2020/01/03 11:54:43.590] - eth_getTransactionCount
[2020/01/03 11:54:43.591] - eth_getBalance
[2020/01/03 11:54:43.593] - eth_getTransactionCount
[2020/01/03 11:54:43.596] - eth_getBalance
[2020/01/03 11:54:43.598] - eth_getTransactionCount
[2020/01/03 11:54:43.604] - eth_getBalance
[2020/01/03 11:54:43.607] - eth_getTransactionCount
[2020/01/03 11:54:43.617] - eth_getBalance
[2020/01/03 11:54:43.621] - eth_getTransactionCount
[2020/01/03 11:54:43.624] - eth_getBalance
[2020/01/03 11:54:43.626] - eth_getTransactionCount
[2020/01/03 11:54:43.630] - eth_getBalance
[2020/01/03 11:54:43.635] - eth_getTransactionCount
[2020/01/03 11:54:43.638] - eth_getBalance
[2020/01/03 11:54:43.644] - eth_getTransactionCount
[2020/01/03 11:54:43.653] - eth_getBalance
[2020/01/03 11:54:43.656] - eth_getTransactionCount
[2020/01/03 11:55:04.613] - net_version
[2020/01/03 11:55:04.624] - eth_accounts
[2020/01/03 11:55:04.656] - eth_accounts
[2020/01/03 11:55:04.680] - eth_getBlockByNumber
[2020/01/03 11:55:04.685] - eth_accounts
[2020/01/03 11:55:04.695] - eth_getBlockByNumber
[2020/01/03 11:55:04.699] - net_version
[2020/01/03 11:55:04.703] - eth_getBlockByNumber
[2020/01/03 11:55:04.707] - eth_getBlockByNumber
[2020/01/03 11:55:04.714] - net_version
[2020/01/03 11:55:04.722] - eth_estimateGas
[2020/01/03 11:55:04.746] - eth_getBlockByNumber
[2020/01/03 11:55:04.746] - eth_blockNumber
[2020/01/03 11:55:04.752] - net_version
[2020/01/03 11:55:04.757] - eth_sendTransaction
[2020/01/03 11:55:04.827] - 
[2020/01/03 11:55:04.827] -   Transaction: 0x15322ed069fce57e9827e48c5dc28e42e870367b837799b3e205a3ff905bb3b2
[2020/01/03 11:55:04.827] -   Contract created: 0x3af21eb0c317f01e0a0bd4d6857bf628cf5ac0c3
[2020/01/03 11:55:04.827] -   Gas usage: 284908
[2020/01/03 11:55:04.827] -   Block Number: 9
[2020/01/03 11:55:04.827] -   Block Time: Fri Jan 03 2020 11:55:04 GMT+0530 (IST)
[2020/01/03 11:55:04.828] - 
[2020/01/03 11:55:04.828] - eth_getBlockByNumber
[2020/01/03 11:55:04.830] - eth_getTransactionReceipt
[2020/01/03 11:55:04.836] - eth_getBalance
[2020/01/03 11:55:04.840] - eth_getCode
[2020/01/03 11:55:04.840] - eth_getTransactionCount
[2020/01/03 11:55:04.843] - eth_getBalance
[2020/01/03 11:55:04.846] - eth_getTransactionCount
[2020/01/03 11:55:04.849] - eth_getBalance
[2020/01/03 11:55:04.849] - eth_getBlockByNumber
[2020/01/03 11:55:04.852] - eth_getTransactionCount
[2020/01/03 11:55:04.855] - eth_getBalance
[2020/01/03 11:55:04.858] - eth_getTransactionCount
[2020/01/03 11:55:04.863] - eth_getBalance
[2020/01/03 11:55:04.863] - eth_getBlockByNumber
[2020/01/03 11:55:04.865] - eth_getTransactionCount
[2020/01/03 11:55:04.868] - eth_getBalance
[2020/01/03 11:55:04.872] - eth_getTransactionCount
[2020/01/03 11:55:04.874] - eth_getBalance
[2020/01/03 11:55:04.878] - eth_sendTransaction
[2020/01/03 11:55:04.880] - eth_getTransactionCount
[2020/01/03 11:55:04.884] - eth_getBalance
[2020/01/03 11:55:04.886] - eth_getTransactionCount
[2020/01/03 11:55:04.891] - eth_getBalance
[2020/01/03 11:55:04.892] - eth_getTransactionCount
[2020/01/03 11:55:04.894] - eth_getBalance
[2020/01/03 11:55:04.899] - eth_getTransactionCount
[2020/01/03 11:55:04.904] - eth_getBalance
[2020/01/03 11:55:04.906] - eth_getTransactionCount
[2020/01/03 11:55:04.909] - eth_getBalance
[2020/01/03 11:55:04.923] - 
[2020/01/03 11:55:04.923] -   Transaction: 0x90ec0cc93ad22af94b7dd0e8b67e77b0f3c6a4a96f7f9a3bf4bcdc27f1991ec5
[2020/01/03 11:55:04.923] -   Gas usage: 42034
[2020/01/03 11:55:04.923] -   Block Number: 10
[2020/01/03 11:55:04.923] -   Block Time: Fri Jan 03 2020 11:55:04 GMT+0530 (IST)
[2020/01/03 11:55:04.924] - 
[2020/01/03 11:55:04.924] - eth_getBlockByNumber
[2020/01/03 11:55:04.926] - eth_getTransactionCount
[2020/01/03 11:55:04.928] - eth_getBalance
[2020/01/03 11:55:04.928] - eth_getTransactionReceipt
[2020/01/03 11:55:04.932] - eth_getTransactionCount
[2020/01/03 11:55:04.937] - eth_getBalance
[2020/01/03 11:55:04.938] - eth_getTransactionCount
[2020/01/03 11:55:04.950] - eth_getBalance
[2020/01/03 11:55:04.953] - eth_getTransactionCount
[2020/01/03 11:55:04.958] - eth_getBalance
[2020/01/03 11:55:04.961] - eth_getTransactionCount
[2020/01/03 11:55:04.966] - eth_getBalance
[2020/01/03 11:55:04.970] - eth_getTransactionCount
[2020/01/03 11:55:04.977] - eth_getBalance
[2020/01/03 11:55:04.979] - eth_getTransactionCount
[2020/01/03 11:55:04.983] - eth_getBalance
[2020/01/03 11:55:04.990] - eth_getTransactionCount
[2020/01/03 11:55:04.990] - eth_getBalance
[2020/01/03 11:55:04.992] - eth_getTransactionCount
[2020/01/03 11:55:05.064] - evm_snapshot
[2020/01/03 11:55:05.067] - Saved snapshot #5
[2020/01/03 11:55:05.074] - eth_getBlockByNumber
[2020/01/03 11:55:05.082] - eth_blockNumber
[2020/01/03 11:55:05.146] - eth_getBalance
[2020/01/03 11:55:05.149] - eth_getTransactionCount
[2020/01/03 11:55:05.151] - eth_getBalance
[2020/01/03 11:55:05.157] - eth_getTransactionCount
[2020/01/03 11:55:05.158] - eth_getBalance
[2020/01/03 11:55:05.160] - eth_getTransactionCount
[2020/01/03 11:55:05.163] - eth_getBalance
[2020/01/03 11:55:05.168] - eth_getTransactionCount
[2020/01/03 11:55:05.171] - eth_getBalance
[2020/01/03 11:55:05.174] - eth_getTransactionCount
[2020/01/03 11:55:05.178] - eth_getBalance
[2020/01/03 11:55:05.181] - eth_getTransactionCount
[2020/01/03 11:55:05.186] - eth_getBalance
[2020/01/03 11:55:05.187] - eth_getBalance
[2020/01/03 11:55:05.189] - eth_getTransactionCount
[2020/01/03 11:55:05.193] - eth_getBalance
[2020/01/03 11:55:05.197] - eth_getTransactionCount
[2020/01/03 11:55:05.201] - eth_getBalance
[2020/01/03 11:55:05.205] - eth_getTransactionCount
[2020/01/03 11:55:05.208] - eth_getBalance
[2020/01/03 11:55:05.211] - eth_getTransactionCount
[2020/01/03 11:55:05.213] - eth_getBalance
[2020/01/03 11:55:05.214] - eth_getTransactionCount
[2020/01/03 11:55:05.216] - eth_getBalance
[2020/01/03 11:55:05.220] - eth_getTransactionCount
[2020/01/03 11:55:05.223] - eth_getBalance
[2020/01/03 11:55:05.225] - eth_getTransactionCount
[2020/01/03 11:55:05.233] - eth_getBalance
[2020/01/03 11:55:05.234] - eth_getTransactionCount
[2020/01/03 11:55:05.239] - eth_getBalance
[2020/01/03 11:55:05.240] - eth_getTransactionCount
[2020/01/03 11:55:05.244] - eth_getBalance
[2020/01/03 11:55:05.247] - eth_getTransactionCount
[2020/01/03 11:55:05.249] - eth_getBalance
[2020/01/03 11:55:05.252] - eth_getTransactionCount
[2020/01/03 11:55:05.255] - eth_getBalance
[2020/01/03 11:55:05.258] - eth_getTransactionCount
[2020/01/03 11:55:05.260] - eth_getBalance
[2020/01/03 11:55:05.263] - eth_getTransactionCount
[2020/01/03 12:02:12.827] - eth_unsubscribe
[2020/01/03 12:02:12.880] - eth_unsubscribe
